make.exe all --print-data-base --no-builtin-variables --no-builtin-rules --question
Makefile:2: /project.mk: No such file or directory
make: *** No rule to make target '/project.mk'.  Stop.

# GNU Make 4.2.1
# Built for i686-pc-cygwin
# Copyright (C) 1988-2016 Free Software Foundation, Inc.
# License GPLv3+: GNU GPL version 3 or later <http://gnu.org/licenses/gpl.html>
# This is free software: you are free to change and redistribute it.
# There is NO WARRANTY, to the extent permitted by law.
 

# Make data base, printed on Mon Aug 15 21:43:57 2022

# Variables
 

# 'override' directive
GNUMAKEFLAGS := 
# automatic
<D = $(patsubst %/,%,$(dir $<))
# automatic
?F = $(notdir $?)
# default
.SHELLFLAGS := -c
# makefile
MAKEFLAGS = prR
# automatic
?D = $(patsubst %/,%,$(dir $?))
# automatic
@D = $(patsubst %/,%,$(dir $@))
# environment
HOMEDRIVE = C:
# automatic
@F = $(notdir $@)
# automatic
^D = $(patsubst %/,%,$(dir $^))
# makefile
CURDIR := /cygdrive/e/Bytech_Project/Loa_Phuong/radio_net/slave
# default
SHELL := /bin/sh
# environment
WINDIR = C:\WINDOWS
# environment
VSCODE_NLS_CONFIG = {"locale":"en-us","availableLanguages":{},"_languagePackSupport":true}
# environment
!E: = e:\Bytech_Project\Loa_Phuong\radio_net\slave
# environment
PYCHARM COMMUNITY EDITION = F:\PyCharm\PyCharm Community Edition 2021.3.2\bin;
# environment
ONEDRIVE = C:\Users\Admin\OneDrive
# environment
QSYS_ROOTDIR = C:\altera\14.0\quartus\sopc_builder\bin
# environment
MOSQUITTO_DIR = F:\mosquitto
# environment
PUBLIC = C:\Users\Public
# environment
PATHEXT = .COM;.EXE;.BAT;.CMD;.VBS;.VBE;.JS;.JSE;.WSF;.WSH;.MSC
# makefile (from 'Makefile', line 1)
MAKEFILE_LIST :=  Makefile
# environment
FPS_BROWSER_USER_PROFILE_STRING = Default
# environment
TMP = /cygdrive/c/Users/Admin/AppData/Local/Temp
# environment
MSYS2 = C:\msys64\mingw64\bin
# environment
PROGRAMW6432 = C:\Program Files
# environment
PROGRAMDATA = C:\ProgramData
# environment
AUTINSTLOG = C:\ProgramData\Siemens\Automation\Logfiles\Setup\
# environment
VSCODE_CWD = C:\WINDOWS\system32
# default
MAKE_HOST := i686-pc-cygwin
# environment
PATH = /cygdrive/c/Program Files/Common Files/Siemens/Automation/Simatic OAM/bin:/cygdrive/c/Program Files (x86)/Common Files/Oracle/Java/javapath:/cygdrive/c/Windows/system32:/cygdrive/c/Windows:/cygdrive/c/Windows/System32/Wbem:/usr/bin:/cygdrive/c/Windows/System32/WindowsPowerShell/v1.0:/cygdrive/c/Program Files (x86)/NVIDIA Corporation/PhysX/Common:/cygdrive/c/WINDOWS/system32:/cygdrive/c/WINDOWS:/cygdrive/c/WINDOWS/System32/Wbem:/cygdrive/c/WINDOWS/System32/WindowsPowerShell/v1.0:/cygdrive/c/WINDOWS/System32/OpenSSH:/cygdrive/c/Program Files (x86)/STMicroelectronics/STM32 ST-LINK Utility/ST-LINK Utility:/cygdrive/c/Program Files/Git/cmd:/cygdrive/c/cygwin64/bin:/cygdrive/c/Program Files/dotnet:/cygdrive/c/Program Files (x86)/Microsoft SQL Server/Client SDK/ODBC/110/Tools/Binn:/cygdrive/c/Program Files (x86)/Microsoft SQL Server/120/Tools/Binn:/cygdrive/c/Program Files (x86)/Microsoft SQL Server/120/DTS/Binn:/cygdrive/c/Program Files/Microsoft SQL Server/130/Tools/Binn:/cygdrive/c/Program Files/Microsoft SQL Server/Client SDK/ODBC/170/Tools/Binn:/cygdrive/c/Program Files/Microsoft SQL Server/120/Tools/Binn:/cygdrive/c/Program Files/Microsoft SQL Server/Client SDK/ODBC/110/Tools/Binn:/cygdrive/c/Program Files/Microsoft SQL Server/120/DTS/Binn:/cygdrive/c/Program Files (x86)/Microsoft SQL Server/120/Tools/Binn/ManagementStudio:/cygdrive/c/Program Files (x86)/dotnet:/cygdrive/c/Program Files (x86)/Common Files/Siemens:/cygdrive/c/Program Files (x86)/Common Files/Siemens/Interfaces:/cygdrive/c/Program Files (x86)/Common Files/Siemens/ACE/Interfaces:/cygdrive/c/Program Files (x86)/Nordic Semiconductor/nrf-command-line-tools/bin:/cygdrive/d/SciTools/bin/pc-win64:F:/cygdrive/c/Program Files/PuTTY:/cygdrive/c/Program Files/Cloudflare/Cloudflare WARP:/cygdrive/c/Users/Admin/AppData/Local/Programs/Python/Python39/Scripts:/cygdrive/c/Users/Admin/AppData/Local/Programs/Python/Python39:/cygdrive/c/Users/Admin/AppData/Local/Microsoft/WindowsApps:/cygdrive/c/Users/Admin/AppData/Local/Programs/Microsoft VS Code/bin:/cygdrive/c/Users/Admin/AppData/Local/GitHubDesktop/bin:/cygdrive/c/Users/Admin/.dotnet/tools:/cygdrive/f/PyCharm/PyCharm Community Edition 2021.3.2/bin:/cygdrive/c/Program Files/JetBrains/IntelliJ IDEA 2021.1.3/bin
# environment
SIMATIC_OAM_DATA = C:\ProgramData\Siemens\Automation\Simatic OAM
# environment
COMMONPROGRAMW6432 = C:\Program Files\Common Files
# environment
PROCESSOR_ARCHITECTURE = x86
# environment
USERPROFILE = C:\Users\Admin
# environment
ALLUSERSPROFILE = C:\ProgramData
# environment
SOPC_KIT_NIOS2 = C:\altera\14.0\nios2eds
# environment
NUMBER_OF_PROCESSORS = 8
# environment
ELECTRON_RUN_AS_NODE = 1
# default
.FEATURES := target-specific order-only second-expansion else-if shortest-stem undefine oneshell archives jobserver output-sync check-symlink guile load
# environment
INTELLIJ IDEA = C:\Program Files\JetBrains\IntelliJ IDEA 2021.1.3\bin;
# automatic
%F = $(notdir $%)
# environment
CHROME_CRASHPAD_PIPE_NAME = \\.\pipe\crashpad_16228_MCDYGGUKTRDRNVIK
# environment
COMPUTERNAME = ADMIN
# environment
MY_IP_ADDRESS = 192.168.1.25
# environment
PROGRAMFILES = C:\Program Files (x86)
# environment
JAVA = C:\Program Files\Java\jre1.8.0_311\bin
# default
.LOADED := 
# environment
DRIVERDATA = C:\Windows\System32\Drivers\DriverData
# environment
ORIGINAL_XDG_CURRENT_DESKTOP = undefined
# environment
USERNAME = Admin
 
# environment
 
SIMATIC_OAM = C:\Program Files\Common Files\Siemens\Automation\Simatic OAM
# environment
KMP_DUPLICATE_LIB_OK = TRUE
# environment
VSCODE_AMD_ENTRYPOINT = vs/workbench/api/node/extensionHostProcess
# environment
HOME = /home/Admin
# environment
VSCODE_CODE_CACHE_PATH = C:\Users\Admin\AppData\Roaming\Code\CachedData\6d9b74a70ca9c7733b29f0456fd8195364076dda
# environment
NRF = C:\Program Files (x86)\Nordic Semiconductor\nrf-command-line-tools\bin
# environment
APPLICATION_INSIGHTS_NO_DIAGNOSTIC_CHANNEL = true
# environment
COMMONPROGRAMFILES = C:\Program Files (x86)\Common Files
# environment
LOGONSERVER = \\ADMIN
# environment
VSCODE_HANDLES_UNCAUGHT_ERRORS = true
# environment
 
USERDOMAIN = ADMIN
# environment
MAKELEVEL := 0
# default
MAKE = $(MAKE_COMMAND)
# default
MAKECMDGOALS := all
# environment
PYTHONPATHESP = %IDF_PATH%/tools/ci/python_packages
# default
MAKE_VERSION := 4.2.1
# makefile
.DEFAULT_GOAL := 
# environment
PROGRAMFILES(X86) = C:\Program Files (x86)
# automatic
%D = $(patsubst %/,%,$(dir $%))
# environment
LOCALAPPDATA = C:\Users\Admin\AppData\Local
# environment
PSMODULEPATH = %ProgramFiles%\WindowsPowerShell\Modules;C:\WINDOWS\system32\WindowsPowerShell\v1.0\Modules;C:\Program Files (x86)\Microsoft SQL Server\120\Tools\PowerShell\Modules\
# default
MAKE_COMMAND := make
# environment
PROCESSOR_ARCHITEW6432 = AMD64
# default
.VARIABLES := 
# automatic
*F = $(notdir $*)
# environment
PROCESSOR_IDENTIFIER = Intel64 Family 6 Model 158 Stepping 9, GenuineIntel
# environment
OS = Windows_NT
# environment
VSCODE_IPC_HOOK = \\.\pipe\1fa9692ca970862365dc969f915639a2-1.70.1-main-sock
# environment
PYTHONPATH = %IDF_PATH%/tools/ci/python_packages
# environment
HOMEPATH = \Users\Admin
# environment
COMMONPROGRAMFILES(X86) = C:\Program Files (x86)\Common Files
# environment
PROMPT = $P$G
# environment
 
MFLAGS = -prR
# automatic
 
*D = $(patsubst %/,%,$(dir $*))
# environment
SYSTEMROOT = C:\WINDOWS
# automatic
+D = $(patsubst %/,%,$(dir $+))
# automatic
+F = $(notdir $+)
# environment
APPDATA = C:\Users\Admin\AppData\Roaming
# environment
__COMPAT_LAYER = DetectorsAppHealth
# environment
TEMP = /cygdrive/c/Users/Admin/AppData/Local/Temp
# environment
COMSPEC = C:\WINDOWS\system32\cmd.exe
# environment
ADS_LICENSE_FILE = C:\Program Files\Keysight\license.lic
# default
MAKEFILES := 
# environment
QUARTUS_ROOTDIR = C:\altera\14.0\quartus
# automatic
<F = $(notdir $<)
# environment
MKL_SERIAL = YES
# makefile (from 'Makefile', line 1)
PROJECT_NAME := 4GRadio_slave
# environment
LC_ALL = C
# automatic
^F = $(notdir $^)
# default
SUFFIXES := 
# environment
SYSTEMDRIVE = C:
# environment
PROCESSOR_REVISION = 9e09
# environment
MOZ_PLUGIN_PATH = E:\Foxit PDF Reader\plugins\
# default
.RECIPEPREFIX := 
# environment
LANG = C
# environment
PROCESSOR_LEVEL = 6
# environment
TERM = cygwin
# environment
FPS_BROWSER_APP_PROFILE_STRING = Internet Explorer
# environment
VSCODE_PID = 16228
# environment
USERDOMAIN_ROAMINGPROFILE = ADMIN
# variable set hash-table stats:
# Load=111/1024=11%, Rehash=0, Collisions=15/128=12%

# Pattern-specific Variable Values

# No pattern-specific variable values.

# Directories

# . (device 308968001, inode 13790): 18 files, no impossibilities.

# 18 files, no impossibilities in 1 directories.

# Implicit Rules

# No implicit rules.

# Files

# Not a target:
all:
#  Command line target.
#  Implicit rule search has not been done.
#  Modification time never checked.
#  File has not been updated.

# Not a target:
/project.mk:
#  Implicit rule search has been done.
 
#  File does not exist.
#  File has not been updated.

# Not a target:
Makefile:
#  Implicit rule search has not been done.
#  Last modified 2022-02-22 12:52:33.4561869
#  File has not been updated.

# Not a target:
.DEFAULT:
#  Implicit rule search has not been done.
#  Modification time never checked.
#  File has not been updated.

# files hash-table stats:
# Load=5/1024=0%, Rehash=0, Collisions=0/16=0%
# VPATH Search Paths

# No 'vpath' search paths.

# No general ('VPATH' variable) search path.

# strcache buffers: 1 (0) / strings = 22 / storage = 297 B / avg = 13 B
# current buf: size = 8174 B / used = 297 B / count = 22 / avg = 13 B

# strcache performance: lookups = 26 / hit rate = 15%
# hash-table stats:
# Load=22/8192=0%, Rehash=0, Collisions=1/26=4%
# Finished Make data base on Mon Aug 15 21:43:57 2022

 
