Change Component Designator: Old Designator=C27 New Designator=C35
Change Component Designator: Old Designator=C28 New Designator=C36
Change Component Designator: Old Designator=C29 New Designator=C37
Change Component Designator: Old Designator=C30 New Designator=C38
Change Component Designator: Old Designator=C31 New Designator=C39
Change Component Designator: Old Designator=C32 New Designator=C40
Change Component Designator: Old Designator=C? New Designator=C27
Change Component Designator: Old Designator=C? New Designator=C28
Change Component Designator: Old Designator=C? New Designator=C29
Change Component Designator: Old Designator=C? New Designator=C30
Change Component Designator: Old Designator=C? New Designator=C31
Change Component Designator: Old Designator=C? New Designator=C32
Change Component Designator: Old Designator=C? New Designator=C33
Change Component Designator: Old Designator=C? New Designator=C34
Change Component Designator: Old Designator=D1 New Designator=D6
Change Component Designator: Old Designator=D? New Designator=D1
Change Component Designator: Old Designator=D? New Designator=D2
Change Component Designator: Old Designator=D? New Designator=D3
Change Component Designator: Old Designator=D? New Designator=D4
Change Component Designator: Old Designator=D? New Designator=D5
Change Component Designator: Old Designator=F? New Designator=F1
Change Component Designator: Old Designator=L? New Designator=L8
Change Component Designator: Old Designator=L? New Designator=L9
Change Component Designator: Old Designator=M3 New Designator=M2
Change Component Designator: Old Designator=M4 New Designator=M3
Change Component Designator: Old Designator=M5 New Designator=M4
Change Component Designator: Old Designator=M6 New Designator=M5
Change Component Designator: Old Designator=P? New Designator=P3
Change Component Designator: Old Designator=R27 New Designator=R31
Change Component Designator: Old Designator=R? New Designator=R27
Change Component Designator: Old Designator=R? New Designator=R28
Change Component Designator: Old Designator=R? New Designator=R29
Change Component Designator: Old Designator=R? New Designator=R30
Change Component Designator: Old Designator=SP? New Designator=SP1
Change Component Designator: Old Designator=TP? New Designator=TP7
Change Component Designator: Old Designator=TP? New Designator=TP8
Change Component Designator: Old Designator=TP? New Designator=TP9
Change Component Designator: Old Designator=U4 New Designator=U5
Change Component Designator: Old Designator=U5 New Designator=U6
Change Component Designator: Old Designator=U? New Designator=U4
