Removed Pin From Net: NetName=AU_3V3 Pin=C13-1
Removed Pin From Net: NetName=AU_GND Pin=C13-2
Removed Pin From Net: NetName=AU_3V3 Pin=C14-1
Removed Pin From Net: NetName=AU_GND Pin=C14-2
Change Component Footprint: Designator=C13 Old Footprint=CAP_TANTAL_1210(3528) New Footprint=CAPC-0603 (1608)
Change Component Footprint: Designator=C14 Old Footprint=CAP_TANTAL_1210(3528) New Footprint=CAPC-0603 (1608)
Change Component Comment : Designator=C13 Old Comment=106/16V New Comment=106/10V
Change Component Comment : Designator=C14 Old Comment=106/16V New Comment=106/10V
Change component parameters: Designator = "C13"; Footprint = "CAPC-0603 (1608)"; UniqueID = "\MSDFQPJR\QRFKAUXG\QSGXSEII"
Change component parameters. Clean all parameters for all variants
Change component parameters (AddParameter): Name = "Category"; Value = "CAPACITOR"; VariantName = "[No Variations]"
Change component parameters (AddParameter): Name = "CompanyID"; Value = "VT-00984"; VariantName = "[No Variations]"
Change component parameters (AddParameter): Name = "MFR"; Value = ""; VariantName = "[No Variations]"
Change component parameters (AddParameter): Name = "MFR_URL"; Value = ""; VariantName = "[No Variations]"
Change component parameters (AddParameter): Name = "MPN"; Value = "CL10A106KP8NNNC"; VariantName = "[No Variations]"
Change component parameters (AddParameter): Name = "Solder"; Value = "SMT"; VariantName = "[No Variations]"
Change component parameters (AddParameter): Name = "Value"; Value = "106/10V"; VariantName = "[No Variations]"
Change component parameters: Designator = "C14"; Footprint = "CAPC-0603 (1608)"; UniqueID = "\MSDFQPJR\QRFKAUXG\DAWLOUBA"
Change component parameters. Clean all parameters for all variants
Change component parameters (AddParameter): Name = "Category"; Value = "CAPACITOR"; VariantName = "[No Variations]"
Change component parameters (AddParameter): Name = "CompanyID"; Value = "VT-00984"; VariantName = "[No Variations]"
Change component parameters (AddParameter): Name = "MFR"; Value = ""; VariantName = "[No Variations]"
Change component parameters (AddParameter): Name = "MFR_URL"; Value = ""; VariantName = "[No Variations]"
Change component parameters (AddParameter): Name = "MPN"; Value = "CL10A106KP8NNNC"; VariantName = "[No Variations]"
Change component parameters (AddParameter): Name = "Solder"; Value = "SMT"; VariantName = "[No Variations]"
Change component parameters (AddParameter): Name = "Value"; Value = "106/10V"; VariantName = "[No Variations]"
Added Pin To Net: NetName=AU_GND Pin=C13-1
Added Pin To Net: NetName=AU_3V3 Pin=C13-2
Added Pin To Net: NetName=AU_GND Pin=C14-1
Added Pin To Net: NetName=AU_3V3 Pin=C14-2
