Removed Pin From Net: NetName=GSM_PWKEY Pin=U12-19
Removed Pin From Net: NetName=GD32_RI Pin=U12-20
Removed Pin From Net: NetName=GSM_PWR_EN Pin=U12-39
Removed Pin From Net: NetName=RST_GSM Pin=U12-40
Removed Pin From Net: NetName=SWITCH_FM Pin=U12-41
Added Component: Designator=R56(RESC-0603 (1608))
Add component. Clean all parameters for all variants
Add component (AddParameter): Name = "Category"; Value = "RESISTOR"; VariantName = "[No Variations]"
Add component (AddParameter): Name = "CompanyID"; Value = "VT-00328"; VariantName = "[No Variations]"
Add component (AddParameter): Name = "MFR"; Value = ""; VariantName = "[No Variations]"
Add component (AddParameter): Name = "MFR_URL"; Value = ""; VariantName = "[No Variations]"
Add component (AddParameter): Name = "MPN"; Value = "RC0603FR-0710KL"; VariantName = "[No Variations]"
Add component (AddParameter): Name = "Solder"; Value = "SMT"; VariantName = "[No Variations]"
Add component (AddParameter): Name = "Value"; Value = "10K"; VariantName = "[No Variations]"
Added Component: Designator=R57(RESC-0603 (1608))
Add component. Clean all parameters for all variants
Add component (AddParameter): Name = "Category"; Value = "RESISTOR"; VariantName = "[No Variations]"
Add component (AddParameter): Name = "CompanyID"; Value = "VT-00332"; VariantName = "[No Variations]"
Add component (AddParameter): Name = "MFR"; Value = ""; VariantName = "[No Variations]"
Add component (AddParameter): Name = "MFR_URL"; Value = ""; VariantName = "[No Variations]"
Add component (AddParameter): Name = "MPN"; Value = "RC0603FR-07100KL"; VariantName = "[No Variations]"
Add component (AddParameter): Name = "PinCount"; Value = ""; VariantName = "[No Variations]"
Add component (AddParameter): Name = "Solder"; Value = "SMT"; VariantName = "[No Variations]"
Add component (AddParameter): Name = "Value"; Value = "100K"; VariantName = "[No Variations]"
Added Component: Designator=R58(RESC-0603 (1608))
Add component. Clean all parameters for all variants
Add component (AddParameter): Name = "Category"; Value = "RESISTOR"; VariantName = "[No Variations]"
Add component (AddParameter): Name = "CompanyID"; Value = "VT-00332"; VariantName = "[No Variations]"
Add component (AddParameter): Name = "MFR"; Value = ""; VariantName = "[No Variations]"
Add component (AddParameter): Name = "MFR_URL"; Value = ""; VariantName = "[No Variations]"
Add component (AddParameter): Name = "MPN"; Value = "RC0603FR-07100KL"; VariantName = "[No Variations]"
Add component (AddParameter): Name = "PinCount"; Value = ""; VariantName = "[No Variations]"
Add component (AddParameter): Name = "Solder"; Value = "SMT"; VariantName = "[No Variations]"
Add component (AddParameter): Name = "Value"; Value = "100K"; VariantName = "[No Variations]"
Added Component: Designator=R59(RESC-0603 (1608))
Add component. Clean all parameters for all variants
Add component (AddParameter): Name = "Category"; Value = "RESISTOR"; VariantName = "[No Variations]"
Add component (AddParameter): Name = "CompanyID"; Value = "VT-00332"; VariantName = "[No Variations]"
Add component (AddParameter): Name = "MFR"; Value = ""; VariantName = "[No Variations]"
Add component (AddParameter): Name = "MFR_URL"; Value = ""; VariantName = "[No Variations]"
Add component (AddParameter): Name = "MPN"; Value = "RC0603FR-07100KL"; VariantName = "[No Variations]"
Add component (AddParameter): Name = "PinCount"; Value = ""; VariantName = "[No Variations]"
Add component (AddParameter): Name = "Solder"; Value = "SMT"; VariantName = "[No Variations]"
Add component (AddParameter): Name = "Value"; Value = "100K"; VariantName = "[No Variations]"
Added Component: Designator=R60(RESC-0603 (1608))
Add component. Clean all parameters for all variants
Add component (AddParameter): Name = "Category"; Value = "RESISTOR"; VariantName = "[No Variations]"
Add component (AddParameter): Name = "CompanyID"; Value = "VT-00574"; VariantName = "[No Variations]"
Add component (AddParameter): Name = "MFR"; Value = ""; VariantName = "[No Variations]"
Add component (AddParameter): Name = "MFR_URL"; Value = ""; VariantName = "[No Variations]"
Add component (AddParameter): Name = "MPN"; Value = "RC0603FR-071KL"; VariantName = "[No Variations]"
Add component (AddParameter): Name = "Solder"; Value = "SMT"; VariantName = "[No Variations]"
Add component (AddParameter): Name = "Value"; Value = "1K"; VariantName = "[No Variations]"
Added Component: Designator=R61(RESC-0603 (1608))
Add component. Clean all parameters for all variants
Add component (AddParameter): Name = "Category"; Value = "RESISTOR"; VariantName = "[No Variations]"
Add component (AddParameter): Name = "CompanyID"; Value = "VT-00574"; VariantName = "[No Variations]"
Add component (AddParameter): Name = "MFR"; Value = ""; VariantName = "[No Variations]"
Add component (AddParameter): Name = "MFR_URL"; Value = ""; VariantName = "[No Variations]"
Add component (AddParameter): Name = "MPN"; Value = "RC0603FR-071KL"; VariantName = "[No Variations]"
Add component (AddParameter): Name = "Solder"; Value = "SMT"; VariantName = "[No Variations]"
Add component (AddParameter): Name = "Value"; Value = "1K"; VariantName = "[No Variations]"
Added Component: Designator=U9(Opto 1)
Add component. Clean all parameters for all variants
Add component (AddParameter): Name = "Category"; Value = "IC"; VariantName = "[No Variations]"
Add component (AddParameter): Name = "CompanyID"; Value = ""; VariantName = "[No Variations]"
Add component (AddParameter): Name = "MFR"; Value = "SHARP/Socle Technology"; VariantName = "[No Variations]"
Add component (AddParameter): Name = "MPN"; Value = "PC81710NIP1B"; VariantName = "[No Variations]"
Add component (AddParameter): Name = "PinCount"; Value = "4"; VariantName = "[No Variations]"
Add component (AddParameter): Name = "Price"; Value = ""; VariantName = "[No Variations]"
Add component (AddParameter): Name = "Solder"; Value = "SMT"; VariantName = "[No Variations]"
Add component (AddParameter): Name = "Value"; Value = "PC817"; VariantName = "[No Variations]"
Added Component: Designator=U13(Opto 1)
Add component. Clean all parameters for all variants
Add component (AddParameter): Name = "Category"; Value = "IC"; VariantName = "[No Variations]"
Add component (AddParameter): Name = "CompanyID"; Value = ""; VariantName = "[No Variations]"
Add component (AddParameter): Name = "MFR"; Value = "SHARP/Socle Technology"; VariantName = "[No Variations]"
Add component (AddParameter): Name = "MPN"; Value = "PC81710NIP1B"; VariantName = "[No Variations]"
Add component (AddParameter): Name = "PinCount"; Value = "4"; VariantName = "[No Variations]"
Add component (AddParameter): Name = "Price"; Value = ""; VariantName = "[No Variations]"
Add component (AddParameter): Name = "Solder"; Value = "SMT"; VariantName = "[No Variations]"
Add component (AddParameter): Name = "Value"; Value = "PC817"; VariantName = "[No Variations]"
Added Pin To Net: NetName=+3V3 Pin=R56-2
Added Pin To Net: NetName=U1_RXD Pin=R57-1
Added Pin To Net: NetName=+3V3 Pin=R57-2
Added Pin To Net: NetName=VDD_1V8 Pin=R58-1
Added Pin To Net: NetName=NetM1_62 Pin=R58-2
Added Pin To Net: NetName=VDD_1V8 Pin=R59-1
Added Pin To Net: NetName=NetM1_67 Pin=R59-2
Added Pin To Net: NetName=GND Pin=U9-2
Added Pin To Net: NetName=VIN Pin=U9-4
Added Pin To Net: NetName=LED2_R Pin=U12-2
Added Pin To Net: NetName=LED2_B Pin=U12-3
Added Pin To Net: NetName=LED1_R Pin=U12-4
Added Pin To Net: NetName=LED1_B Pin=U12-5
Added Pin To Net: NetName=WDI Pin=U12-6
Added Pin To Net: NetName=SWITCH_FM Pin=U12-11
Added Pin To Net: NetName=GSM_PWKEY Pin=U12-17
Added Pin To Net: NetName=GD32_RI Pin=U12-19
Added Pin To Net: NetName=GSM_PWR_EN Pin=U12-20
Added Pin To Net: NetName=GND Pin=U13-2
Added Pin To Net: NetName=VIN Pin=U13-4
Added Pin To Net: NetName=GSM_RESET Pin=U12-16
Added Net: Name=GSM_RESET
Added Pin To Net: NetName=ISO_OUT1 Pin=U9-3
Added Pin To Net: NetName=ISO_OUT1 Pin=U13-3
Added Net: Name=ISO_OUT1
Added Pin To Net: NetName=NetR56_1 Pin=R56-1
Added Pin To Net: NetName=NetR56_1 Pin=U12-7
Added Net: Name=NetR56_1
Added Pin To Net: NetName=NetR60_2 Pin=R60-2
Added Pin To Net: NetName=NetR60_2 Pin=U9-1
Added Net: Name=NetR60_2
Added Pin To Net: NetName=NetR61_2 Pin=R61-2
Added Pin To Net: NetName=NetR61_2 Pin=U13-1
Added Net: Name=NetR61_2
Added Pin To Net: NetName=OUT1 Pin=R60-1
Added Pin To Net: NetName=OUT1 Pin=R61-1
Added Net: Name=OUT1
Added Member To Class: ClassName=U_Wifi Member=Component R56 10K
Added Member To Class: ClassName=U_Wifi Member=Component R57 100K
Added Member To Class: ClassName=U_Wifi Member=Component R58 100K
Added Member To Class: ClassName=U_Wifi Member=Component R59 100K
Added Member To Class: ClassName=U_Wifi Member=Component R60 1K
Added Member To Class: ClassName=U_Wifi Member=Component R61 1K
Added Member To Class: ClassName=U_Wifi Member=Component U9 PC817
Added Member To Class: ClassName=U_Wifi Member=Component U13 PC817
Added Room: Name=U_Wifi
Added Rule: Name=Schematic Differential Pairs Routing_2
