Change Component Designator: Old Designator=C33 New Designator=C41
Change Component Designator: Old Designator=C34 New Designator=C42
Change Component Designator: Old Designator=C35 New Designator=C43
Change Component Designator: Old Designator=C36 New Designator=C44
Change Component Designator: Old Designator=C37 New Designator=C45
Change Component Designator: Old Designator=C38 New Designator=C46
Change Component Designator: Old Designator=C39 New Designator=C47
Change Component Designator: Old Designator=C40 New Designator=C48
Change Component Designator: Old Designator=C41 New Designator=C49
Change Component Designator: Old Designator=C42 New Designator=C50
Change Component Designator: Old Designator=C43 New Designator=C51
Change Component Designator: Old Designator=C44 New Designator=C52
Change Component Designator: Old Designator=L4 New Designator=L10
Change Component Designator: Old Designator=L9 New Designator=L11
Change Component Designator: Old Designator=P3 New Designator=P4
Change Component Designator: Old Designator=P4 New Designator=P5
Change Component Designator: Old Designator=P5 New Designator=P6
Change Component Designator: Old Designator=R28 New Designator=R32
Change Component Designator: Old Designator=R29 New Designator=R33
Change Component Designator: Old Designator=R30 New Designator=R34
Change Component Designator: Old Designator=R31 New Designator=R35
Change Component Designator: Old Designator=R32 New Designator=R36
Change Component Designator: Old Designator=R33 New Designator=R37
Change Component Designator: Old Designator=R34 New Designator=R43
Change Component Designator: Old Designator=R35 New Designator=R38
Change Component Designator: Old Designator=R36 New Designator=R39
Change Component Designator: Old Designator=R37 New Designator=R40
Change Component Designator: Old Designator=R38 New Designator=R48
Change Component Designator: Old Designator=R39 New Designator=R49
Change Component Designator: Old Designator=R40 New Designator=R41
Change Component Designator: Old Designator=R41 New Designator=R42
Change Component Designator: Old Designator=R42 New Designator=R44
Change Component Designator: Old Designator=R43 New Designator=R45
Change Component Designator: Old Designator=R44 New Designator=R46
Change Component Designator: Old Designator=R45 New Designator=R47
Change Component Designator: Old Designator=R46 New Designator=R50
Change Component Designator: Old Designator=TP6 New Designator=TP12
Change Component Designator: Old Designator=TP7 New Designator=TP13
Change Component Designator: Old Designator=TP8 New Designator=TP14
Change Component Designator: Old Designator=TP9 New Designator=TP15
Change Component Designator: Old Designator=TP10 New Designator=TP16
Change Component Designator: Old Designator=TP11 New Designator=TP17
Change Component Designator: Old Designator=TP12 New Designator=TP10
Change Component Designator: Old Designator=TP13 New Designator=TP11
Change Component Designator: Old Designator=U6 New Designator=U7
Change Component Designator: Old Designator=U7 New Designator=U8
Change Component Designator: Old Designator=U8 New Designator=U9
Change Component Designator: Old Designator=U9 New Designator=U10
